2002.05.27 10:43 B C:\websites\ocdla.org\www\seminars\bios\jenglish.html <-- Test /home/Web/ocdla.org/www/seminars/bios jenglish.html
2002.05.27 10:43 B C:\websites\ocdla.org\www\seminars\bios\jflax.html <-- Test /home/Web/ocdla.org/www/seminars/bios jflax.html
2002.05.27 10:43 B C:\websites\ocdla.org\www\seminars\bios\ltien.html <-- Test /home/Web/ocdla.org/www/seminars/bios ltien.html
2002.05.28 05:50 B C:\websites\ocdla.org\www\seminars\bios\jenglish.html --> test.premierelink.com /home/shirley/seminars/bios jenglish.html
2002.05.28 05:50 B C:\websites\ocdla.org\www\seminars\bios\jflax.html --> test.premierelink.com /home/shirley/seminars/bios jflax.html
2002.05.28 05:50 B C:\websites\ocdla.org\www\seminars\bios\ltien.html --> test.premierelink.com /home/shirley/seminars/bios ltien.html
2002.05.28 05:50 B C:\websites\ocdla.org\www\seminars\bios\WS_FTP.LOG --> test.premierelink.com /home/shirley/seminars/bios WS_FTP.LOG
2002.06.04 06:31 B C:\websites\ocdla.org\www\seminars\bios\jenglish.html <-- Test /home/Web/ocdla.org/www/seminars/bios jenglish.html
2002.06.04 06:31 B C:\websites\ocdla.org\www\seminars\bios\jflax.html <-- Test /home/Web/ocdla.org/www/seminars/bios jflax.html
2002.06.04 06:31 B C:\websites\ocdla.org\www\seminars\bios\ltien.html <-- Test /home/Web/ocdla.org/www/seminars/bios ltien.html
2002.06.04 06:44 B C:\websites\ocdla.org\www\seminars\bios\jenglish.html <-- Test /home/Web/ocdla.org/www/seminars/bios jenglish.html
2002.06.04 06:44 B C:\websites\ocdla.org\www\seminars\bios\jflax.html <-- Test /home/Web/ocdla.org/www/seminars/bios jflax.html
2002.06.04 06:44 B C:\websites\ocdla.org\www\seminars\bios\ltien.html <-- Test /home/Web/ocdla.org/www/seminars/bios ltien.html
2002.06.04 07:33 B C:\websites\ocdla.org\www\seminars\bios\jenglish.html <-- Test /home/Web/ocdla.org/www/seminars/bios jenglish.html
2002.06.04 07:33 B C:\websites\ocdla.org\www\seminars\bios\jflax.html <-- Test /home/Web/ocdla.org/www/seminars/bios jflax.html
2002.06.04 07:33 B C:\websites\ocdla.org\www\seminars\bios\ltien.html <-- Test /home/Web/ocdla.org/www/seminars/bios ltien.html
2002.06.04 07:44 B C:\websites\ocdla.org\www\seminars\bios\jenglish.html --> test.premierelink.com /home/Web/ocdla.org/www/seminars/bios jenglish.html
2002.06.04 07:44 B C:\websites\ocdla.org\www\seminars\bios\jflax.html --> test.premierelink.com /home/Web/ocdla.org/www/seminars/bios jflax.html
2002.06.04 07:44 B C:\websites\ocdla.org\www\seminars\bios\ltien.html --> test.premierelink.com /home/Web/ocdla.org/www/seminars/bios ltien.html
2002.06.04 08:00 B C:\websites\ocdla.org\www\seminars\bios\jenglish.html --> test.premierelink.com /home/Web/ocdla.org/www/seminars/bios jenglish.html
2002.06.04 08:00 B C:\websites\ocdla.org\www\seminars\bios\jflax.html --> test.premierelink.com /home/Web/ocdla.org/www/seminars/bios jflax.html
2002.06.04 08:00 B C:\websites\ocdla.org\www\seminars\bios\ltien.html --> test.premierelink.com /home/Web/ocdla.org/www/seminars/bios ltien.html
2002.06.04 08:02 B C:\websites\ocdla.org\www\seminars\bios\jenglish.html --> test.premierelink.com /home/Web/ocdla.org/www/seminars/bios jenglish.html
2002.06.04 08:02 B C:\websites\ocdla.org\www\seminars\bios\jflax.html --> test.premierelink.com /home/Web/ocdla.org/www/seminars/bios jflax.html
2002.06.04 08:02 B C:\websites\ocdla.org\www\seminars\bios\ltien.html --> test.premierelink.com /home/Web/ocdla.org/www/seminars/bios ltien.html
2002.06.04 09:15 B C:\websites\ocdla.org\www\seminars\bios\jenglish.html --> test.premierelink.com /home/Web/ocdla.org/www/seminars/bios jenglish.html
2002.06.04 09:15 B C:\websites\ocdla.org\www\seminars\bios\jflax.html --> test.premierelink.com /home/Web/ocdla.org/www/seminars/bios jflax.html
2002.06.04 09:15 B C:\websites\ocdla.org\www\seminars\bios\ltien.html --> test.premierelink.com /home/Web/ocdla.org/www/seminars/bios ltien.html
2002.06.04 09:15 B C:\websites\ocdla.org\www\seminars\bios\WS_FTP.LOG --> test.premierelink.com /home/Web/ocdla.org/www/seminars/bios WS_FTP.LOG
2002.06.04 09:20 B C:\websites\ocdla.org\www\seminars\bios\jenglish.html --> test.premierelink.com /home/Web/ocdla.org/www/seminars/bios jenglish.html
2002.06.04 09:20 B C:\websites\ocdla.org\www\seminars\bios\jflax.html --> test.premierelink.com /home/Web/ocdla.org/www/seminars/bios jflax.html
2002.06.04 09:20 B C:\websites\ocdla.org\www\seminars\bios\ltien.html --> test.premierelink.com /home/Web/ocdla.org/www/seminars/bios ltien.html
2002.06.04 09:41 B C:\websites\ocdla.org\www\seminars\bios\WS_FTP.LOG <-- Test /home/Web/ocdla.org/www/seminars/bios WS_FTP.LOG
2002.07.09 11:00 B C:\websites\ocdla.org\www\seminars\bios\jenglish.html --> test.premierelink.com /home/Web/ocdla.org/www/seminars/bios jenglish.html
2002.07.09 11:00 B C:\websites\ocdla.org\www\seminars\bios\jflax.html --> test.premierelink.com /home/Web/ocdla.org/www/seminars/bios jflax.html
2002.07.09 11:00 B C:\websites\ocdla.org\www\seminars\bios\ltien.html --> test.premierelink.com /home/Web/ocdla.org/www/seminars/bios ltien.html
2002.07.09 11:05 B C:\websites\ocdla.org\www\seminars\bios\WS_FTP.LOG --> test.premierelink.com /home/Web/ocdla.org/www/seminars/bios WS_FTP.LOG
2002.07.14 13:27 B C:\websites\ocdla.org\www\seminars\bios\bergeson.html --> test.premierelink.com /home/Web/ocdla.org/www/seminars/bios bergeson.html
2002.07.14 13:27 B C:\websites\ocdla.org\www\seminars\bios\boyd.html --> test.premierelink.com /home/Web/ocdla.org/www/seminars/bios boyd.html
2002.07.14 13:27 B C:\websites\ocdla.org\www\seminars\bios\gietzen.html --> test.premierelink.com /home/Web/ocdla.org/www/seminars/bios gietzen.html
2002.07.14 13:27 B C:\websites\ocdla.org\www\seminars\bios\jenglish.html --> test.premierelink.com /home/Web/ocdla.org/www/seminars/bios jenglish.html
2002.07.14 13:27 B C:\websites\ocdla.org\www\seminars\bios\jflax.html --> test.premierelink.com /home/Web/ocdla.org/www/seminars/bios jflax.html
2002.07.14 13:27 B C:\websites\ocdla.org\www\seminars\bios\jones.html --> test.premierelink.com /home/Web/ocdla.org/www/seminars/bios jones.html
2002.07.14 13:27 B C:\websites\ocdla.org\www\seminars\bios\ltien.html --> test.premierelink.com /home/Web/ocdla.org/www/seminars/bios ltien.html
2002.07.14 13:27 B C:\websites\ocdla.org\www\seminars\bios\woodford.html --> test.premierelink.com /home/Web/ocdla.org/www/seminars/bios woodford.html
2002.07.14 19:31 B C:\websites\ocdla.org\www\seminars\bios\WS_FTP.LOG --> test.premierelink.com /home/Web/ocdla.org/www/seminars/bios WS_FTP.LOG
2002.07.15 10:51 B C:\websites\ocdla.org\www\seminars\bios\bergeson.html --> test.premierelink.com /home/Web/ocdla.org/www/seminars/bios bergeson.html
2002.07.15 10:51 B C:\websites\ocdla.org\www\seminars\bios\boyd.html --> test.premierelink.com /home/Web/ocdla.org/www/seminars/bios boyd.html
2002.07.15 10:51 B C:\websites\ocdla.org\www\seminars\bios\gietzen.html --> test.premierelink.com /home/Web/ocdla.org/www/seminars/bios gietzen.html
2002.07.15 10:51 B C:\websites\ocdla.org\www\seminars\bios\jones.html --> test.premierelink.com /home/Web/ocdla.org/www/seminars/bios jones.html
2002.07.15 10:51 B C:\websites\ocdla.org\www\seminars\bios\woodford.html --> test.premierelink.com /home/Web/ocdla.org/www/seminars/bios woodford.html
2002.07.15 12:36 B C:\websites\ocdla.org\www\seminars\bios\WS_FTP.LOG --> test.premierelink.com /home/Web/ocdla.org/www/seminars/bios WS_FTP.LOG
2002.08.14 21:32 B C:\websites\ocdla.org\www\seminars\bios\bergeson.html --> ftp.onewomanproduction.com /raid5/client/onewomanproduction.com/www/test/www/seminars/bios bergeson.html
2002.08.14 21:33 B C:\websites\ocdla.org\www\seminars\bios\boyd.html --> ftp.onewomanproduction.com /raid5/client/onewomanproduction.com/www/test/www/seminars/bios boyd.html
2002.08.14 21:33 B C:\websites\ocdla.org\www\seminars\bios\gietzen.html --> ftp.onewomanproduction.com /raid5/client/onewomanproduction.com/www/test/www/seminars/bios gietzen.html
2002.08.14 21:33 B C:\websites\ocdla.org\www\seminars\bios\jenglish.html --> ftp.onewomanproduction.com /raid5/client/onewomanproduction.com/www/test/www/seminars/bios jenglish.html
2002.08.14 21:33 B C:\websites\ocdla.org\www\seminars\bios\jflax.html --> ftp.onewomanproduction.com /raid5/client/onewomanproduction.com/www/test/www/seminars/bios jflax.html
2002.08.14 21:33 B C:\websites\ocdla.org\www\seminars\bios\jones.html --> ftp.onewomanproduction.com /raid5/client/onewomanproduction.com/www/test/www/seminars/bios jones.html
2002.08.14 21:33 B C:\websites\ocdla.org\www\seminars\bios\ltien.html --> ftp.onewomanproduction.com /raid5/client/onewomanproduction.com/www/test/www/seminars/bios ltien.html
2002.08.14 21:33 B C:\websites\ocdla.org\www\seminars\bios\pesplin.html --> ftp.onewomanproduction.com /raid5/client/onewomanproduction.com/www/test/www/seminars/bios pesplin.html
2002.08.14 21:33 B C:\websites\ocdla.org\www\seminars\bios\sguertin.html --> ftp.onewomanproduction.com /raid5/client/onewomanproduction.com/www/test/www/seminars/bios sguertin.html
2002.08.14 21:33 B C:\websites\ocdla.org\www\seminars\bios\woodford.html --> ftp.onewomanproduction.com /raid5/client/onewomanproduction.com/www/test/www/seminars/bios woodford.html
2002.08.14 21:33 B C:\websites\ocdla.org\www\seminars\bios\WS_FTP.LOG --> ftp.onewomanproduction.com /raid5/client/onewomanproduction.com/www/test/www/seminars/bios WS_FTP.LOG
2002.08.14 22:01 B C:\websites\ocdla.org\www\seminars\bios\TMPtippdvcgc.htm --> ftp.onewomanproduction.com /raid5/client/onewomanproduction.com/www/test/www/seminars/bios TMPtippdvcgc.htm
2002.08.14 22:03 B C:\websites\ocdla.org\www\seminars\bios\sguertin.html --> ftp.onewomanproduction.com /raid5/client/onewomanproduction.com/www/test/www/seminars/bios sguertin.html
2002.08.14 22:03 B C:\websites\ocdla.org\www\seminars\bios\bergeson.html --> ftp.onewomanproduction.com /raid5/client/onewomanproduction.com/www/test/www/seminars/bios bergeson.html
2002.08.14 22:04 B C:\websites\ocdla.org\www\seminars\bios\bergeson.html --> ftp.onewomanproduction.com /raid5/client/onewomanproduction.com/www/test/www/seminars/bios bergeson.html
2002.08.14 22:04 B C:\websites\ocdla.org\www\seminars\bios\sguertin.html --> ftp.onewomanproduction.com /raid5/client/onewomanproduction.com/www/test/www/seminars/bios sguertin.html
2002.08.14 22:04 B C:\websites\ocdla.org\www\seminars\bios\gietzen.html --> ftp.onewomanproduction.com /raid5/client/onewomanproduction.com/www/test/www/seminars/bios gietzen.html
2002.08.14 22:04 B C:\websites\ocdla.org\www\seminars\bios\ltien.html --> ftp.onewomanproduction.com /raid5/client/onewomanproduction.com/www/test/www/seminars/bios ltien.html
2002.08.14 22:04 B C:\websites\ocdla.org\www\seminars\bios\jones.html --> ftp.onewomanproduction.com /raid5/client/onewomanproduction.com/www/test/www/seminars/bios jones.html
2002.08.14 22:04 B C:\websites\ocdla.org\www\seminars\bios\jflax.html --> ftp.onewomanproduction.com /raid5/client/onewomanproduction.com/www/test/www/seminars/bios jflax.html
2002.08.14 22:04 B C:\websites\ocdla.org\www\seminars\bios\jenglish.html --> ftp.onewomanproduction.com /raid5/client/onewomanproduction.com/www/test/www/seminars/bios jenglish.html
2002.08.14 22:04 B C:\websites\ocdla.org\www\seminars\bios\pesplin.html --> ftp.onewomanproduction.com /raid5/client/onewomanproduction.com/www/test/www/seminars/bios pesplin.html
2002.08.14 22:04 B C:\websites\ocdla.org\www\seminars\bios\woodford.html --> ftp.onewomanproduction.com /raid5/client/onewomanproduction.com/www/test/www/seminars/bios woodford.html
2002.08.14 22:04 B C:\websites\ocdla.org\www\seminars\bios\boyd.html --> ftp.onewomanproduction.com /raid5/client/onewomanproduction.com/www/test/www/seminars/bios boyd.html
2002.08.14 22:10 B C:\websites\ocdla.org\www\seminars\bios\sguertin.html --> ftp.onewomanproduction.com /raid5/client/onewomanproduction.com/www/test/www/seminars/bios sguertin.html
2002.08.14 22:10 B C:\websites\ocdla.org\www\seminars\bios\pesplin.html --> ftp.onewomanproduction.com /raid5/client/onewomanproduction.com/www/test/www/seminars/bios pesplin.html
2002.08.14 22:11 B C:\websites\ocdla.org\www\seminars\bios\sguertin.html --> ftp.onewomanproduction.com /raid5/client/onewomanproduction.com/www/test/www/seminars/bios sguertin.html
2002.08.14 22:11 B C:\websites\ocdla.org\www\seminars\bios\pesplin.html --> ftp.onewomanproduction.com /raid5/client/onewomanproduction.com/www/test/www/seminars/bios pesplin.html
2002.08.14 22:48 B C:\websites\ocdla.org\www\seminars\bios\bergeson.html --> ftp.onewomanproduction.com /raid5/client/onewomanproduction.com/www/test/www/seminars/bios bergeson.html
2002.08.14 22:48 B C:\websites\ocdla.org\www\seminars\bios\boyd.html --> ftp.onewomanproduction.com /raid5/client/onewomanproduction.com/www/test/www/seminars/bios boyd.html
2002.08.14 22:48 B C:\websites\ocdla.org\www\seminars\bios\gietzen.html --> ftp.onewomanproduction.com /raid5/client/onewomanproduction.com/www/test/www/seminars/bios gietzen.html
2002.08.14 22:48 B C:\websites\ocdla.org\www\seminars\bios\jenglish.html --> ftp.onewomanproduction.com /raid5/client/onewomanproduction.com/www/test/www/seminars/bios jenglish.html
2002.08.14 22:48 B C:\websites\ocdla.org\www\seminars\bios\jflax.html --> ftp.onewomanproduction.com /raid5/client/onewomanproduction.com/www/test/www/seminars/bios jflax.html
2002.08.14 22:48 B C:\websites\ocdla.org\www\seminars\bios\jones.html --> ftp.onewomanproduction.com /raid5/client/onewomanproduction.com/www/test/www/seminars/bios jones.html
2002.08.14 22:48 B C:\websites\ocdla.org\www\seminars\bios\ltien.html --> ftp.onewomanproduction.com /raid5/client/onewomanproduction.com/www/test/www/seminars/bios ltien.html
2002.08.14 22:48 B C:\websites\ocdla.org\www\seminars\bios\pesplin.html --> ftp.onewomanproduction.com /raid5/client/onewomanproduction.com/www/test/www/seminars/bios pesplin.html
2002.08.14 22:48 B C:\websites\ocdla.org\www\seminars\bios\sguertin.html --> ftp.onewomanproduction.com /raid5/client/onewomanproduction.com/www/test/www/seminars/bios sguertin.html
2002.08.14 22:48 B C:\websites\ocdla.org\www\seminars\bios\woodford.html --> ftp.onewomanproduction.com /raid5/client/onewomanproduction.com/www/test/www/seminars/bios woodford.html
2002.09.04 20:55 B C:\websites\ocdla.org\www\seminars\bios\bergeson.html --> ftp.onewomanproduction.com /raid5/client/onewomanproduction.com/www/test/www/seminars/bios bergeson.html
2002.09.04 20:55 B C:\websites\ocdla.org\www\seminars\bios\boyd.html --> ftp.onewomanproduction.com /raid5/client/onewomanproduction.com/www/test/www/seminars/bios boyd.html
2002.09.04 20:55 B C:\websites\ocdla.org\www\seminars\bios\dleboeuf.html --> ftp.onewomanproduction.com /raid5/client/onewomanproduction.com/www/test/www/seminars/bios dleboeuf.html
2002.09.04 20:55 B C:\websites\ocdla.org\www\seminars\bios\gietzen.html --> ftp.onewomanproduction.com /raid5/client/onewomanproduction.com/www/test/www/seminars/bios gietzen.html
2002.09.04 20:55 B C:\websites\ocdla.org\www\seminars\bios\jenglish.html --> ftp.onewomanproduction.com /raid5/client/onewomanproduction.com/www/test/www/seminars/bios jenglish.html
2002.09.04 20:55 B C:\websites\ocdla.org\www\seminars\bios\jflax.html --> ftp.onewomanproduction.com /raid5/client/onewomanproduction.com/www/test/www/seminars/bios jflax.html
2002.09.04 20:55 B C:\websites\ocdla.org\www\seminars\bios\jones.html --> ftp.onewomanproduction.com /raid5/client/onewomanproduction.com/www/test/www/seminars/bios jones.html
2002.09.04 20:55 B C:\websites\ocdla.org\www\seminars\bios\ltien.html --> ftp.onewomanproduction.com /raid5/client/onewomanproduction.com/www/test/www/seminars/bios ltien.html
2002.09.04 20:55 B C:\websites\ocdla.org\www\seminars\bios\mcampbell.html --> ftp.onewomanproduction.com /raid5/client/onewomanproduction.com/www/test/www/seminars/bios mcampbell.html
2002.09.04 20:55 B C:\websites\ocdla.org\www\seminars\bios\pesplin.html --> ftp.onewomanproduction.com /raid5/client/onewomanproduction.com/www/test/www/seminars/bios pesplin.html
2002.09.04 20:55 B C:\websites\ocdla.org\www\seminars\bios\sguertin.html --> ftp.onewomanproduction.com /raid5/client/onewomanproduction.com/www/test/www/seminars/bios sguertin.html
2002.09.04 20:55 B C:\websites\ocdla.org\www\seminars\bios\woodford.html --> ftp.onewomanproduction.com /raid5/client/onewomanproduction.com/www/test/www/seminars/bios woodford.html
