2002.05.27 10:44 B C:\websites\ocdla.org\www\seminars\annual02.html <-- Test /home/Web/ocdla.org/www/seminars annual02.html
2002.05.27 12:26 B C:\websites\ocdla.org\www\seminars\annual02_program.html --> test.premierelink.com /home/Web/ocdla.org/www/seminars annual02_program.html
2002.05.27 12:26 B C:\websites\ocdla.org\www\seminars\annual02.html --> test.premierelink.com /home/Web/ocdla.org/www/seminars annual02.html
2002.05.27 12:26 B C:\websites\ocdla.org\www\seminars\annual02_program.html --> test.premierelink.com /home/Web/ocdla.org/www/seminars annual02_program.html
2002.05.28 05:50 B C:\websites\ocdla.org\www\seminars\annual02.html --> test.premierelink.com /home/shirley/seminars annual02.html
2002.05.28 05:50 B C:\websites\ocdla.org\www\seminars\annual02_program.html --> test.premierelink.com /home/shirley/seminars annual02_program.html
2002.05.28 05:50 B C:\websites\ocdla.org\www\seminars\WS_FTP.LOG --> test.premierelink.com /home/shirley/seminars WS_FTP.LOG
2002.06.04 06:31 B C:\websites\ocdla.org\www\seminars\annual02.html <-- Test /home/Web/ocdla.org/www/seminars annual02.html
2002.06.04 06:31 B C:\websites\ocdla.org\www\seminars\annual02_program.html <-- Test /home/Web/ocdla.org/www/seminars annual02_program.html
2002.06.04 06:31 B C:\websites\ocdla.org\www\seminars\sunnyclimate.html <-- Test /home/Web/ocdla.org/www/seminars sunnyclimate.html
2002.06.04 06:44 B C:\websites\ocdla.org\www\seminars\annual02.html <-- Test /home/Web/ocdla.org/www/seminars annual02.html
2002.06.04 06:44 B C:\websites\ocdla.org\www\seminars\annual02_program.html <-- Test /home/Web/ocdla.org/www/seminars annual02_program.html
2002.06.04 06:44 B C:\websites\ocdla.org\www\seminars\sunnyclimate.html <-- Test /home/Web/ocdla.org/www/seminars sunnyclimate.html
2002.06.04 07:32 B C:\websites\ocdla.org\www\seminars\annual02.html <-- Test /home/Web/ocdla.org/www/seminars annual02.html
2002.06.04 07:33 B C:\websites\ocdla.org\www\seminars\annual02_program.html <-- Test /home/Web/ocdla.org/www/seminars annual02_program.html
2002.06.04 07:33 B C:\websites\ocdla.org\www\seminars\sunnyclimate.html <-- Test /home/Web/ocdla.org/www/seminars sunnyclimate.html
2002.06.04 07:35 B C:\websites\ocdla.org\www\seminars\annual02.html --> test.premierelink.com /home/Web/ocdla.org/www/seminars annual02.html
2002.06.04 07:37 B C:\websites\ocdla.org\www\seminars\annual02.html --> test.premierelink.com /home/Web/ocdla.org/www/seminars annual02.html
2002.06.04 07:37 B C:\websites\ocdla.org\www\seminars\annual02_program.html --> test.premierelink.com /home/Web/ocdla.org/www/seminars annual02_program.html
2002.06.04 07:37 B C:\websites\ocdla.org\www\seminars\sunnyclimate.html --> test.premierelink.com /home/Web/ocdla.org/www/seminars sunnyclimate.html
2002.06.04 08:05 B C:\websites\ocdla.org\www\seminars\annual02.html --> test.premierelink.com /home/Web/ocdla.org/www/seminars annual02.html
2002.06.04 08:05 B C:\websites\ocdla.org\www\seminars\annual02_program.html --> test.premierelink.com /home/Web/ocdla.org/www/seminars annual02_program.html
2002.06.04 09:15 B C:\websites\ocdla.org\www\seminars\annual02.html --> test.premierelink.com /home/Web/ocdla.org/www/seminars annual02.html
2002.06.04 09:15 B C:\websites\ocdla.org\www\seminars\annual02_program.html --> test.premierelink.com /home/Web/ocdla.org/www/seminars annual02_program.html
2002.06.04 09:15 B C:\websites\ocdla.org\www\seminars\sunnyclimate.html --> test.premierelink.com /home/Web/ocdla.org/www/seminars sunnyclimate.html
2002.06.04 09:15 B C:\websites\ocdla.org\www\seminars\WS_FTP.LOG --> test.premierelink.com /home/Web/ocdla.org/www/seminars WS_FTP.LOG
2002.06.04 09:21 B C:\websites\ocdla.org\www\seminars\annual02.html --> test.premierelink.com /home/Web/ocdla.org/www/seminars annual02.html
2002.06.04 09:21 B C:\websites\ocdla.org\www\seminars\annual02_program.html --> test.premierelink.com /home/Web/ocdla.org/www/seminars annual02_program.html
2002.06.04 09:21 B C:\websites\ocdla.org\www\seminars\sunnyclimate.html --> test.premierelink.com /home/Web/ocdla.org/www/seminars sunnyclimate.html
2002.06.04 09:42 B C:\websites\ocdla.org\www\seminars\WS_FTP.LOG <-- Test /home/Web/ocdla.org/www/seminars WS_FTP.LOG
2002.07.09 11:00 B C:\websites\ocdla.org\www\seminars\annual02.html --> test.premierelink.com /home/Web/ocdla.org/www/seminars annual02.html
2002.07.09 11:01 B C:\websites\ocdla.org\www\seminars\annual02_program.html --> test.premierelink.com /home/Web/ocdla.org/www/seminars annual02_program.html
2002.07.09 11:01 B C:\websites\ocdla.org\www\seminars\sunnyclimate.html --> test.premierelink.com /home/Web/ocdla.org/www/seminars sunnyclimate.html
2002.07.09 11:05 B C:\websites\ocdla.org\www\seminars\WS_FTP.LOG --> test.premierelink.com /home/Web/ocdla.org/www/seminars WS_FTP.LOG
2002.07.14 13:27 B C:\websites\ocdla.org\www\seminars\annual02.html --> test.premierelink.com /home/Web/ocdla.org/www/seminars annual02.html
2002.07.14 13:27 B C:\websites\ocdla.org\www\seminars\annual02_program.html --> test.premierelink.com /home/Web/ocdla.org/www/seminars annual02_program.html
2002.07.14 13:27 B C:\websites\ocdla.org\www\seminars\sunnyclimate.html --> test.premierelink.com /home/Web/ocdla.org/www/seminars sunnyclimate.html
2002.07.14 13:27 B C:\websites\ocdla.org\www\seminars\sunnyclimate_program.html --> test.premierelink.com /home/Web/ocdla.org/www/seminars sunnyclimate_program.html
2002.07.14 19:31 B C:\websites\ocdla.org\www\seminars\crimes_against_program.html --> test.premierelink.com /home/Web/ocdla.org/www/seminars crimes_against_program.html
2002.07.14 19:31 B C:\websites\ocdla.org\www\seminars\crimes_against_seminar.html --> test.premierelink.com /home/Web/ocdla.org/www/seminars crimes_against_seminar.html
2002.07.14 19:31 B C:\websites\ocdla.org\www\seminars\WS_FTP.LOG --> test.premierelink.com /home/Web/ocdla.org/www/seminars WS_FTP.LOG
2002.07.15 10:51 B C:\websites\ocdla.org\www\seminars\deathpenalty_program.html --> test.premierelink.com /home/Web/ocdla.org/www/seminars deathpenalty_program.html
2002.07.15 10:51 B C:\websites\ocdla.org\www\seminars\deathpenalty_seminar.html --> test.premierelink.com /home/Web/ocdla.org/www/seminars deathpenalty_seminar.html
2002.07.15 10:51 B C:\websites\ocdla.org\www\seminars\indigentdefense_program.html --> test.premierelink.com /home/Web/ocdla.org/www/seminars indigentdefense_program.html
2002.07.15 10:51 B C:\websites\ocdla.org\www\seminars\indigentdefense_seminar.html --> test.premierelink.com /home/Web/ocdla.org/www/seminars indigentdefense_seminar.html
2002.07.15 10:51 B C:\websites\ocdla.org\www\seminars\sunnyclimate_program.html --> test.premierelink.com /home/Web/ocdla.org/www/seminars sunnyclimate_program.html
2002.07.15 10:51 B C:\websites\ocdla.org\www\seminars\sunnyclimate_seminar.html --> test.premierelink.com /home/Web/ocdla.org/www/seminars sunnyclimate_seminar.html
2002.07.15 10:51 B C:\websites\ocdla.org\www\seminars\TMP86yo6zawtj.htm --> test.premierelink.com /home/Web/ocdla.org/www/seminars TMP86yo6zawtj.htm
2002.07.15 10:51 B C:\websites\ocdla.org\www\seminars\winterconf_program.html --> test.premierelink.com /home/Web/ocdla.org/www/seminars winterconf_program.html
2002.07.15 10:51 B C:\websites\ocdla.org\www\seminars\winterconf_seminar.html --> test.premierelink.com /home/Web/ocdla.org/www/seminars winterconf_seminar.html
2002.07.15 12:36 B C:\websites\ocdla.org\www\seminars\WS_FTP.LOG --> test.premierelink.com /home/Web/ocdla.org/www/seminars WS_FTP.LOG
2002.08.14 21:33 B C:\websites\ocdla.org\www\seminars\annual02.html --> ftp.onewomanproduction.com /raid5/client/onewomanproduction.com/www/test/www/seminars annual02.html
2002.08.14 21:33 B C:\websites\ocdla.org\www\seminars\annual02_program.html --> ftp.onewomanproduction.com /raid5/client/onewomanproduction.com/www/test/www/seminars annual02_program.html
2002.08.14 21:33 B C:\websites\ocdla.org\www\seminars\crimes_against_program.html --> ftp.onewomanproduction.com /raid5/client/onewomanproduction.com/www/test/www/seminars crimes_against_program.html
2002.08.14 21:33 B C:\websites\ocdla.org\www\seminars\crimes_against_seminar.html --> ftp.onewomanproduction.com /raid5/client/onewomanproduction.com/www/test/www/seminars crimes_against_seminar.html
2002.08.14 21:33 B C:\websites\ocdla.org\www\seminars\deathpenalty_program.html --> ftp.onewomanproduction.com /raid5/client/onewomanproduction.com/www/test/www/seminars deathpenalty_program.html
2002.08.14 21:33 B C:\websites\ocdla.org\www\seminars\deathpenalty_seminar.html --> ftp.onewomanproduction.com /raid5/client/onewomanproduction.com/www/test/www/seminars deathpenalty_seminar.html
2002.08.14 21:33 B C:\websites\ocdla.org\www\seminars\indigentdefense_program.html --> ftp.onewomanproduction.com /raid5/client/onewomanproduction.com/www/test/www/seminars indigentdefense_program.html
2002.08.14 21:33 B C:\websites\ocdla.org\www\seminars\indigentdefense_seminar.html --> ftp.onewomanproduction.com /raid5/client/onewomanproduction.com/www/test/www/seminars indigentdefense_seminar.html
2002.08.14 21:33 B C:\websites\ocdla.org\www\seminars\sunnyclimate_program.html --> ftp.onewomanproduction.com /raid5/client/onewomanproduction.com/www/test/www/seminars sunnyclimate_program.html
2002.08.14 21:33 B C:\websites\ocdla.org\www\seminars\sunnyclimate_seminar.html --> ftp.onewomanproduction.com /raid5/client/onewomanproduction.com/www/test/www/seminars sunnyclimate_seminar.html
2002.08.14 21:33 B C:\websites\ocdla.org\www\seminars\winterconf_program.html --> ftp.onewomanproduction.com /raid5/client/onewomanproduction.com/www/test/www/seminars winterconf_program.html
2002.08.14 21:33 B C:\websites\ocdla.org\www\seminars\winterconf_seminar.html --> ftp.onewomanproduction.com /raid5/client/onewomanproduction.com/www/test/www/seminars winterconf_seminar.html
2002.08.14 21:33 B C:\websites\ocdla.org\www\seminars\WS_FTP.LOG --> ftp.onewomanproduction.com /raid5/client/onewomanproduction.com/www/test/www/seminars WS_FTP.LOG
2002.08.14 22:05 B C:\websites\ocdla.org\www\seminars\sunnyclimate_seminar.html --> ftp.onewomanproduction.com /raid5/client/onewomanproduction.com/www/test/www/seminars sunnyclimate_seminar.html
2002.08.14 22:06 B C:\websites\ocdla.org\www\seminars\sunnyclimate_program.html --> ftp.onewomanproduction.com /raid5/client/onewomanproduction.com/www/test/www/seminars sunnyclimate_program.html
2002.08.14 22:06 B C:\websites\ocdla.org\www\seminars\sunnyclimate_program.html --> ftp.onewomanproduction.com /raid5/client/onewomanproduction.com/www/test/www/seminars sunnyclimate_program.html
2002.08.14 22:08 B C:\websites\ocdla.org\www\seminars\sunnyclimate_program.html --> ftp.onewomanproduction.com /raid5/client/onewomanproduction.com/www/test/www/seminars sunnyclimate_program.html
2002.08.14 22:13 B C:\websites\ocdla.org\www\seminars\crimes_against_program.html --> ftp.onewomanproduction.com /raid5/client/onewomanproduction.com/www/test/www/seminars crimes_against_program.html
2002.08.14 22:47 B C:\websites\ocdla.org\www\seminars\annual02.html --> ftp.onewomanproduction.com /raid5/client/onewomanproduction.com/www/test/www/seminars annual02.html
2002.08.14 22:47 B C:\websites\ocdla.org\www\seminars\annual02_program.html --> ftp.onewomanproduction.com /raid5/client/onewomanproduction.com/www/test/www/seminars annual02_program.html
2002.08.14 22:47 B C:\websites\ocdla.org\www\seminars\crimes_against_program.html --> ftp.onewomanproduction.com /raid5/client/onewomanproduction.com/www/test/www/seminars crimes_against_program.html
2002.08.14 22:48 B C:\websites\ocdla.org\www\seminars\crimes_against_seminar.html --> ftp.onewomanproduction.com /raid5/client/onewomanproduction.com/www/test/www/seminars crimes_against_seminar.html
2002.08.14 22:48 B C:\websites\ocdla.org\www\seminars\deathpenalty_program.html --> ftp.onewomanproduction.com /raid5/client/onewomanproduction.com/www/test/www/seminars deathpenalty_program.html
2002.08.14 22:48 B C:\websites\ocdla.org\www\seminars\deathpenalty_seminar.html --> ftp.onewomanproduction.com /raid5/client/onewomanproduction.com/www/test/www/seminars deathpenalty_seminar.html
2002.08.14 22:48 B C:\websites\ocdla.org\www\seminars\indigentdefense_program.html --> ftp.onewomanproduction.com /raid5/client/onewomanproduction.com/www/test/www/seminars indigentdefense_program.html
2002.08.14 22:48 B C:\websites\ocdla.org\www\seminars\indigentdefense_seminar.html --> ftp.onewomanproduction.com /raid5/client/onewomanproduction.com/www/test/www/seminars indigentdefense_seminar.html
2002.08.14 22:48 B C:\websites\ocdla.org\www\seminars\sunnyclimate_program.html --> ftp.onewomanproduction.com /raid5/client/onewomanproduction.com/www/test/www/seminars sunnyclimate_program.html
2002.08.14 22:48 B C:\websites\ocdla.org\www\seminars\sunnyclimate_seminar.html --> ftp.onewomanproduction.com /raid5/client/onewomanproduction.com/www/test/www/seminars sunnyclimate_seminar.html
2002.08.14 22:48 B C:\websites\ocdla.org\www\seminars\winterconf_program.html --> ftp.onewomanproduction.com /raid5/client/onewomanproduction.com/www/test/www/seminars winterconf_program.html
2002.08.14 22:48 B C:\websites\ocdla.org\www\seminars\winterconf_seminar.html --> ftp.onewomanproduction.com /raid5/client/onewomanproduction.com/www/test/www/seminars winterconf_seminar.html
2002.08.15 14:18 B C:\websites\ocdla.org\www\seminars\crimes_against_seminar_regform.html --> ftp.onewomanproduction.com /raid5/client/onewomanproduction.com/www/test/www/seminars crimes_against_seminar_regform.html
2002.08.15 14:19 B C:\websites\ocdla.org\www\seminars\crimes_against_seminar.html --> ftp.onewomanproduction.com /raid5/client/onewomanproduction.com/www/test/www/seminars crimes_against_seminar.html
2002.08.15 14:22 B C:\websites\ocdla.org\www\seminars\crimes_against_seminar_regform.html --> ftp.onewomanproduction.com /raid5/client/onewomanproduction.com/www/test/www/seminars crimes_against_seminar_regform.html
2002.08.15 14:24 B C:\websites\ocdla.org\www\seminars\crimes_against_seminar_regform.html --> ftp.onewomanproduction.com /raid5/client/onewomanproduction.com/www/test/www/seminars crimes_against_seminar_regform.html
2002.08.16 10:16 B C:\websites\ocdla.org\www\seminars\crimes_against_seminar.html --> ftp.onewomanproduction.com /raid5/client/onewomanproduction.com/www/test/www/seminars crimes_against_seminar.html
2002.08.16 10:17 B C:\websites\ocdla.org\www\seminars\crimes_against_seminar_regform.html --> ftp.onewomanproduction.com /raid5/client/onewomanproduction.com/www/test/www/seminars crimes_against_seminar_regform.html
2002.08.19 11:28 B C:\websites\ocdla.org\www\seminars\crimes_against_seminar_regform.html --> ftp.onewomanproduction.com /raid5/client/onewomanproduction.com/www/test/www/seminars crimes_against_seminar_regform.html
2002.08.19 11:38 B C:\websites\ocdla.org\www\seminars\crimes_against_seminar.html --> ftp.onewomanproduction.com /raid5/client/onewomanproduction.com/www/test/www/seminars crimes_against_seminar.html
2002.08.19 11:39 B C:\websites\ocdla.org\www\seminars\sunny_climate_reg.pdf --> ftp.onewomanproduction.com /raid5/client/onewomanproduction.com/www/test/www/seminars sunny_climate_reg.pdf
2002.08.19 11:39 B C:\websites\ocdla.org\www\seminars\crimes_agnst_child_reg.pdf --> ftp.onewomanproduction.com /raid5/client/onewomanproduction.com/www/test/www/seminars crimes_agnst_child_reg.pdf
2002.08.19 12:04 B C:\websites\ocdla.org\www\seminars\crimes_against_seminar.html --> ftp.onewomanproduction.com /raid5/client/onewomanproduction.com/www/test/www crimes_against_seminar.html
2002.08.19 12:04 B C:\websites\ocdla.org\www\seminars\crimes_against_seminar.html --> ftp.onewomanproduction.com /raid5/client/onewomanproduction.com/www/test/www/seminars crimes_against_seminar.html
2002.08.19 12:04 B C:\websites\ocdla.org\www\seminars\crimes_against_seminar.html --> ftp.onewomanproduction.com /raid5/client/onewomanproduction.com/www/test/www/seminars crimes_against_seminar.html
2002.08.19 12:05 B C:\websites\ocdla.org\www\seminars\crimes_against_seminar.html --> ftp.onewomanproduction.com /raid5/client/onewomanproduction.com/www/test/www/seminars crimes_against_seminar.html
2002.08.19 12:09 B C:\websites\ocdla.org\www\seminars\sunnyclimate_seminar.html --> ftp.onewomanproduction.com /raid5/client/onewomanproduction.com/www/test/www/seminars sunnyclimate_seminar.html
2002.08.19 12:10 B C:\websites\ocdla.org\www\seminars\crimes_against_seminar_regform.html --> ftp.onewomanproduction.com /raid5/client/onewomanproduction.com/www/test/www/seminars crimes_against_seminar_regform.html
2002.08.19 12:12 B C:\websites\ocdla.org\www\seminars\crimes_against_seminar_regform.html --> ftp.onewomanproduction.com /raid5/client/onewomanproduction.com/www/test/www/seminars crimes_against_seminar_regform.html
2002.08.19 12:15 B C:\websites\ocdla.org\www\seminars\crimes_against_seminar_regform.html --> ftp.onewomanproduction.com /raid5/client/onewomanproduction.com/www/test/www/seminars crimes_against_seminar_regform.html
2002.08.19 12:17 B C:\websites\ocdla.org\www\seminars\crimes_against_seminar_regform.html --> ftp.onewomanproduction.com /raid5/client/onewomanproduction.com/www/test/www/seminars crimes_against_seminar_regform.html
2002.08.19 12:18 B C:\websites\ocdla.org\www\seminars\crimes_against_seminar_regform.html --> ftp.onewomanproduction.com /raid5/client/onewomanproduction.com/www/test/www/seminars crimes_against_seminar_regform.html
2002.08.19 12:19 B C:\websites\ocdla.org\www\seminars\crimes_against_seminar_regform.html --> ftp.onewomanproduction.com /raid5/client/onewomanproduction.com/www/test/www/seminars crimes_against_seminar_regform.html
2002.08.19 12:20 B C:\websites\ocdla.org\www\seminars\crimes_against_seminar_regform.html --> ftp.onewomanproduction.com /raid5/client/onewomanproduction.com/www/test/www/seminars crimes_against_seminar_regform.html
2002.08.19 12:21 B C:\websites\ocdla.org\www\seminars\crimes_against_seminar_regform.html --> ftp.onewomanproduction.com /raid5/client/onewomanproduction.com/www/test/www/seminars crimes_against_seminar_regform.html
2002.08.19 12:24 B C:\websites\ocdla.org\www\seminars\crimes_against_seminar_regform.html --> ftp.onewomanproduction.com /raid5/client/onewomanproduction.com/www/test/www/seminars crimes_against_seminar_regform.html
2002.08.19 13:00 B C:\websites\ocdla.org\www\seminars\sunnyclimate_seminar.html --> ftp.onewomanproduction.com /raid5/client/onewomanproduction.com/www/test/www/seminars sunnyclimate_seminar.html
2002.08.19 13:00 B C:\websites\ocdla.org\www\seminars\sunnyclimate_regform.html --> ftp.onewomanproduction.com /raid5/client/onewomanproduction.com/www/test/www/seminars sunnyclimate_regform.html
2002.08.19 13:02 B C:\websites\ocdla.org\www\seminars\sunnyclimate_regform.html --> ftp.onewomanproduction.com /raid5/client/onewomanproduction.com/www/test/www/seminars sunnyclimate_regform.html
2002.08.19 13:04 B C:\websites\ocdla.org\www\seminars\sunnyclimate_regform.html --> ftp.onewomanproduction.com /raid5/client/onewomanproduction.com/www/test/www/seminars sunnyclimate_regform.html
2002.08.19 13:05 B C:\websites\ocdla.org\www\seminars\sunnyclimate_regform.html --> ftp.onewomanproduction.com /raid5/client/onewomanproduction.com/www/test/www/seminars sunnyclimate_regform.html
2002.08.19 13:05 B C:\websites\ocdla.org\www\seminars\sunnyclimate_regform.html --> ftp.onewomanproduction.com /raid5/client/onewomanproduction.com/www/test/www/seminars sunnyclimate_regform.html
2002.08.19 13:06 B C:\websites\ocdla.org\www\seminars\sunnyclimate_regform.html --> ftp.onewomanproduction.com /raid5/client/onewomanproduction.com/www/test/www/seminars sunnyclimate_regform.html
2002.08.19 13:08 B C:\websites\ocdla.org\www\seminars\sunnyclimate_regform.html --> ftp.onewomanproduction.com /raid5/client/onewomanproduction.com/www/test/www/seminars sunnyclimate_regform.html
2002.08.19 13:10 B C:\websites\ocdla.org\www\seminars\sunnyclimate_regform.html --> ftp.onewomanproduction.com /raid5/client/onewomanproduction.com/www/test/www/seminars sunnyclimate_regform.html
2002.08.19 13:11 B C:\websites\ocdla.org\www\seminars\sunnyclimate_regform.html --> ftp.onewomanproduction.com /raid5/client/onewomanproduction.com/www/test/www/seminars sunnyclimate_regform.html
2002.08.19 13:12 B C:\websites\ocdla.org\www\seminars\sunnyclimate_regform.html --> ftp.onewomanproduction.com /raid5/client/onewomanproduction.com/www/test/www/seminars sunnyclimate_regform.html
2002.08.21 11:19 B C:\websites\ocdla.org\www\seminars\crimes_against_seminar.html --> ftp.onewomanproduction.com /raid5/client/onewomanproduction.com/www/test/www/seminars crimes_against_seminar.html
2002.08.21 11:19 B C:\websites\ocdla.org\www\seminars\sunnyclimate_seminar.html --> ftp.onewomanproduction.com /raid5/client/onewomanproduction.com/www/test/www/seminars sunnyclimate_seminar.html
2002.08.21 11:19 B C:\websites\ocdla.org\www\seminars\WS_FTP.LOG --> ftp.onewomanproduction.com /raid5/client/onewomanproduction.com/www/test/www/seminars WS_FTP.LOG
2002.09.04 20:55 B C:\websites\ocdla.org\www\seminars\annual02.html --> ftp.onewomanproduction.com /raid5/client/onewomanproduction.com/www/test/www/seminars annual02.html
2002.09.04 20:55 B C:\websites\ocdla.org\www\seminars\annual02_program.html --> ftp.onewomanproduction.com /raid5/client/onewomanproduction.com/www/test/www/seminars annual02_program.html
2002.09.04 20:55 B C:\websites\ocdla.org\www\seminars\crimes_against_program.html --> ftp.onewomanproduction.com /raid5/client/onewomanproduction.com/www/test/www/seminars crimes_against_program.html
2002.09.04 20:55 B C:\websites\ocdla.org\www\seminars\crimes_against_seminar.html --> ftp.onewomanproduction.com /raid5/client/onewomanproduction.com/www/test/www/seminars crimes_against_seminar.html
2002.09.04 20:55 B C:\websites\ocdla.org\www\seminars\crimes_against_seminar_regform.html --> ftp.onewomanproduction.com /raid5/client/onewomanproduction.com/www/test/www/seminars crimes_against_seminar_regform.html
2002.09.04 20:56 B C:\websites\ocdla.org\www\seminars\death_penalty_reg_form.pdf --> ftp.onewomanproduction.com /raid5/client/onewomanproduction.com/www/test/www/seminars death_penalty_reg_form.pdf
2002.09.04 20:56 B C:\websites\ocdla.org\www\seminars\death_penalty_seminar_regform.html --> ftp.onewomanproduction.com /raid5/client/onewomanproduction.com/www/test/www/seminars death_penalty_seminar_regform.html
2002.09.04 20:56 B C:\websites\ocdla.org\www\seminars\deathpenalty_program.html --> ftp.onewomanproduction.com /raid5/client/onewomanproduction.com/www/test/www/seminars deathpenalty_program.html
2002.09.04 20:56 B C:\websites\ocdla.org\www\seminars\deathpenalty_seminar.html --> ftp.onewomanproduction.com /raid5/client/onewomanproduction.com/www/test/www/seminars deathpenalty_seminar.html
2002.09.04 20:56 B C:\websites\ocdla.org\www\seminars\public_defense_manag.pdf --> ftp.onewomanproduction.com /raid5/client/onewomanproduction.com/www/test/www/seminars public_defense_manag.pdf
2002.09.04 20:56 B C:\websites\ocdla.org\www\seminars\public_defense_seminar_regform.html --> ftp.onewomanproduction.com /raid5/client/onewomanproduction.com/www/test/www/seminars public_defense_seminar_regform.html
2002.09.04 20:56 B C:\websites\ocdla.org\www\seminars\publicdefense_program.html --> ftp.onewomanproduction.com /raid5/client/onewomanproduction.com/www/test/www/seminars publicdefense_program.html
2002.09.04 20:56 B C:\websites\ocdla.org\www\seminars\publicdefense_seminar.html --> ftp.onewomanproduction.com /raid5/client/onewomanproduction.com/www/test/www/seminars publicdefense_seminar.html
2002.09.04 20:56 B C:\websites\ocdla.org\www\seminars\sunnyclimate_program.html --> ftp.onewomanproduction.com /raid5/client/onewomanproduction.com/www/test/www/seminars sunnyclimate_program.html
2002.09.04 20:56 B C:\websites\ocdla.org\www\seminars\sunnyclimate_regform.html --> ftp.onewomanproduction.com /raid5/client/onewomanproduction.com/www/test/www/seminars sunnyclimate_regform.html
2002.09.04 20:56 B C:\websites\ocdla.org\www\seminars\sunnyclimate_seminar.html --> ftp.onewomanproduction.com /raid5/client/onewomanproduction.com/www/test/www/seminars sunnyclimate_seminar.html
2002.09.04 20:56 B C:\websites\ocdla.org\www\seminars\winterconf_program.html --> ftp.onewomanproduction.com /raid5/client/onewomanproduction.com/www/test/www/seminars winterconf_program.html
2002.09.04 20:56 B C:\websites\ocdla.org\www\seminars\winterconf_seminar.html --> ftp.onewomanproduction.com /raid5/client/onewomanproduction.com/www/test/www/seminars winterconf_seminar.html
2002.09.05 06:25 B C:\websites\ocdla.org\www\seminars\winterconf_program.html --> ftp.onewomanproduction.com /raid5/client/onewomanproduction.com/www/test/www/seminars winterconf_program.html
2002.09.05 06:25 B C:\websites\ocdla.org\www\seminars\publicdefense_program.html --> ftp.onewomanproduction.com /raid5/client/onewomanproduction.com/www/test/www/seminars publicdefense_program.html
